<?xml version="1.0" encoding="UTF-8"?>
<testsuite xmlns:xsi="http://www.w3.org/2001/XMLSchema-instance" xsi:noNamespaceSchemaLocation="https://maven.apache.org/surefire/maven-surefire-plugin/xsd/surefire-test-report-3.0.xsd" version="3.0" name="TestSuite" time="17.516" tests="4" errors="0" skipped="0" failures="3">
  <properties>
    <property name="gopherProxySet" value="false"/>
    <property name="awt.toolkit" value="sun.lwawt.macosx.LWCToolkit"/>
    <property name="java.specification.version" value="11"/>
    <property name="sun.cpu.isalist" value=""/>
    <property name="sun.jnu.encoding" value="UTF-8"/>
    <property name="java.class.path" value="/Users/thinker/training/ecommerce/target/test-classes:/Users/thinker/training/ecommerce/target/classes:/Users/thinker/.m2/repository/org/seleniumhq/selenium/selenium-java/3.141.59/selenium-java-3.141.59.jar:/Users/thinker/.m2/repository/org/seleniumhq/selenium/selenium-api/3.141.59/selenium-api-3.141.59.jar:/Users/thinker/.m2/repository/org/seleniumhq/selenium/selenium-chrome-driver/3.141.59/selenium-chrome-driver-3.141.59.jar:/Users/thinker/.m2/repository/org/seleniumhq/selenium/selenium-edge-driver/3.141.59/selenium-edge-driver-3.141.59.jar:/Users/thinker/.m2/repository/org/seleniumhq/selenium/selenium-firefox-driver/3.141.59/selenium-firefox-driver-3.141.59.jar:/Users/thinker/.m2/repository/org/seleniumhq/selenium/selenium-ie-driver/3.141.59/selenium-ie-driver-3.141.59.jar:/Users/thinker/.m2/repository/org/seleniumhq/selenium/selenium-opera-driver/3.141.59/selenium-opera-driver-3.141.59.jar:/Users/thinker/.m2/repository/org/seleniumhq/selenium/selenium-remote-driver/3.141.59/selenium-remote-driver-3.141.59.jar:/Users/thinker/.m2/repository/org/seleniumhq/selenium/selenium-safari-driver/3.141.59/selenium-safari-driver-3.141.59.jar:/Users/thinker/.m2/repository/org/seleniumhq/selenium/selenium-support/3.141.59/selenium-support-3.141.59.jar:/Users/thinker/.m2/repository/net/bytebuddy/byte-buddy/1.8.15/byte-buddy-1.8.15.jar:/Users/thinker/.m2/repository/org/apache/commons/commons-exec/1.3/commons-exec-1.3.jar:/Users/thinker/.m2/repository/com/google/guava/guava/25.0-jre/guava-25.0-jre.jar:/Users/thinker/.m2/repository/com/google/code/findbugs/jsr305/1.3.9/jsr305-1.3.9.jar:/Users/thinker/.m2/repository/org/checkerframework/checker-compat-qual/2.0.0/checker-compat-qual-2.0.0.jar:/Users/thinker/.m2/repository/com/google/errorprone/error_prone_annotations/2.1.3/error_prone_annotations-2.1.3.jar:/Users/thinker/.m2/repository/com/google/j2objc/j2objc-annotations/1.1/j2objc-annotations-1.1.jar:/Users/thinker/.m2/repository/org/codehaus/mojo/animal-sniffer-annotations/1.14/animal-sniffer-annotations-1.14.jar:/Users/thinker/.m2/repository/com/squareup/okhttp3/okhttp/3.11.0/okhttp-3.11.0.jar:/Users/thinker/.m2/repository/com/squareup/okio/okio/1.14.0/okio-1.14.0.jar:/Users/thinker/.m2/repository/org/testng/testng/6.14.3/testng-6.14.3.jar:/Users/thinker/.m2/repository/com/beust/jcommander/1.72/jcommander-1.72.jar:/Users/thinker/.m2/repository/org/apache-extras/beanshell/bsh/2.0b6/bsh-2.0b6.jar:/Users/thinker/.m2/repository/log4j/log4j/1.2.17/log4j-1.2.17.jar:/Users/thinker/.m2/repository/org/apache/poi/poi-ooxml/4.1.2/poi-ooxml-4.1.2.jar:/Users/thinker/.m2/repository/org/apache/poi/poi/4.1.2/poi-4.1.2.jar:/Users/thinker/.m2/repository/commons-codec/commons-codec/1.13/commons-codec-1.13.jar:/Users/thinker/.m2/repository/org/apache/commons/commons-collections4/4.4/commons-collections4-4.4.jar:/Users/thinker/.m2/repository/org/apache/commons/commons-math3/3.6.1/commons-math3-3.6.1.jar:/Users/thinker/.m2/repository/com/zaxxer/SparseBitSet/1.2/SparseBitSet-1.2.jar:/Users/thinker/.m2/repository/org/apache/poi/poi-ooxml-schemas/4.1.2/poi-ooxml-schemas-4.1.2.jar:/Users/thinker/.m2/repository/org/apache/xmlbeans/xmlbeans/3.1.0/xmlbeans-3.1.0.jar:/Users/thinker/.m2/repository/org/apache/commons/commons-compress/1.19/commons-compress-1.19.jar:/Users/thinker/.m2/repository/com/github/virtuald/curvesapi/1.06/curvesapi-1.06.jar:/Users/thinker/.m2/repository/com/aventstack/extentreports/4.0.0/extentreports-4.0.0.jar:/Users/thinker/.m2/repository/org/freemarker/freemarker/2.3.23/freemarker-2.3.23.jar:/Users/thinker/.m2/repository/org/mongodb/mongodb-driver/3.3.0/mongodb-driver-3.3.0.jar:/Users/thinker/.m2/repository/org/mongodb/mongodb-driver-core/3.3.0/mongodb-driver-core-3.3.0.jar:/Users/thinker/.m2/repository/org/mongodb/bson/3.3.0/bson-3.3.0.jar:/Users/thinker/.m2/repository/org/apache/httpcomponents/httpclient/4.5.2/httpclient-4.5.2.jar:/Users/thinker/.m2/repository/org/apache/httpcomponents/httpcore/4.4.4/httpcore-4.4.4.jar:/Users/thinker/.m2/repository/commons-logging/commons-logging/1.2/commons-logging-1.2.jar:/Users/thinker/.m2/repository/org/apache/httpcomponents/httpmime/4.5.2/httpmime-4.5.2.jar:/Users/thinker/.m2/repository/com/google/code/gson/gson/2.8.5/gson-2.8.5.jar:/Users/thinker/.m2/repository/commons-io/commons-io/2.6/commons-io-2.6.jar:"/>
    <property name="java.vm.vendor" value="Oracle Corporation"/>
    <property name="sun.arch.data.model" value="64"/>
    <property name="java.vendor.url" value="http://java.oracle.com/"/>
    <property name="user.timezone" value="America/Toronto"/>
    <property name="java.vm.specification.version" value="11"/>
    <property name="os.name" value="Mac OS X"/>
    <property name="sun.java.launcher" value="SUN_STANDARD"/>
    <property name="user.country" value="CA"/>
    <property name="sun.boot.library.path" value="/Library/Java/JavaVirtualMachines/jdk-11.0.6.jdk/Contents/Home/lib"/>
    <property name="sun.java.command" value="/Users/thinker/training/ecommerce/target/surefire/surefirebooter16412777731765735923.jar /Users/thinker/training/ecommerce/target/surefire 2020-07-29T22-17-15_772-jvmRun1 surefire4341730644121969130tmp surefire_04711496200169504456tmp"/>
    <property name="http.nonProxyHosts" value="local|*.local|169.254/16|*.169.254/16"/>
    <property name="jdk.debug" value="release"/>
    <property name="surefire.test.class.path" value="/Users/thinker/training/ecommerce/target/test-classes:/Users/thinker/training/ecommerce/target/classes:/Users/thinker/.m2/repository/org/seleniumhq/selenium/selenium-java/3.141.59/selenium-java-3.141.59.jar:/Users/thinker/.m2/repository/org/seleniumhq/selenium/selenium-api/3.141.59/selenium-api-3.141.59.jar:/Users/thinker/.m2/repository/org/seleniumhq/selenium/selenium-chrome-driver/3.141.59/selenium-chrome-driver-3.141.59.jar:/Users/thinker/.m2/repository/org/seleniumhq/selenium/selenium-edge-driver/3.141.59/selenium-edge-driver-3.141.59.jar:/Users/thinker/.m2/repository/org/seleniumhq/selenium/selenium-firefox-driver/3.141.59/selenium-firefox-driver-3.141.59.jar:/Users/thinker/.m2/repository/org/seleniumhq/selenium/selenium-ie-driver/3.141.59/selenium-ie-driver-3.141.59.jar:/Users/thinker/.m2/repository/org/seleniumhq/selenium/selenium-opera-driver/3.141.59/selenium-opera-driver-3.141.59.jar:/Users/thinker/.m2/repository/org/seleniumhq/selenium/selenium-remote-driver/3.141.59/selenium-remote-driver-3.141.59.jar:/Users/thinker/.m2/repository/org/seleniumhq/selenium/selenium-safari-driver/3.141.59/selenium-safari-driver-3.141.59.jar:/Users/thinker/.m2/repository/org/seleniumhq/selenium/selenium-support/3.141.59/selenium-support-3.141.59.jar:/Users/thinker/.m2/repository/net/bytebuddy/byte-buddy/1.8.15/byte-buddy-1.8.15.jar:/Users/thinker/.m2/repository/org/apache/commons/commons-exec/1.3/commons-exec-1.3.jar:/Users/thinker/.m2/repository/com/google/guava/guava/25.0-jre/guava-25.0-jre.jar:/Users/thinker/.m2/repository/com/google/code/findbugs/jsr305/1.3.9/jsr305-1.3.9.jar:/Users/thinker/.m2/repository/org/checkerframework/checker-compat-qual/2.0.0/checker-compat-qual-2.0.0.jar:/Users/thinker/.m2/repository/com/google/errorprone/error_prone_annotations/2.1.3/error_prone_annotations-2.1.3.jar:/Users/thinker/.m2/repository/com/google/j2objc/j2objc-annotations/1.1/j2objc-annotations-1.1.jar:/Users/thinker/.m2/repository/org/codehaus/mojo/animal-sniffer-annotations/1.14/animal-sniffer-annotations-1.14.jar:/Users/thinker/.m2/repository/com/squareup/okhttp3/okhttp/3.11.0/okhttp-3.11.0.jar:/Users/thinker/.m2/repository/com/squareup/okio/okio/1.14.0/okio-1.14.0.jar:/Users/thinker/.m2/repository/org/testng/testng/6.14.3/testng-6.14.3.jar:/Users/thinker/.m2/repository/com/beust/jcommander/1.72/jcommander-1.72.jar:/Users/thinker/.m2/repository/org/apache-extras/beanshell/bsh/2.0b6/bsh-2.0b6.jar:/Users/thinker/.m2/repository/log4j/log4j/1.2.17/log4j-1.2.17.jar:/Users/thinker/.m2/repository/org/apache/poi/poi-ooxml/4.1.2/poi-ooxml-4.1.2.jar:/Users/thinker/.m2/repository/org/apache/poi/poi/4.1.2/poi-4.1.2.jar:/Users/thinker/.m2/repository/commons-codec/commons-codec/1.13/commons-codec-1.13.jar:/Users/thinker/.m2/repository/org/apache/commons/commons-collections4/4.4/commons-collections4-4.4.jar:/Users/thinker/.m2/repository/org/apache/commons/commons-math3/3.6.1/commons-math3-3.6.1.jar:/Users/thinker/.m2/repository/com/zaxxer/SparseBitSet/1.2/SparseBitSet-1.2.jar:/Users/thinker/.m2/repository/org/apache/poi/poi-ooxml-schemas/4.1.2/poi-ooxml-schemas-4.1.2.jar:/Users/thinker/.m2/repository/org/apache/xmlbeans/xmlbeans/3.1.0/xmlbeans-3.1.0.jar:/Users/thinker/.m2/repository/org/apache/commons/commons-compress/1.19/commons-compress-1.19.jar:/Users/thinker/.m2/repository/com/github/virtuald/curvesapi/1.06/curvesapi-1.06.jar:/Users/thinker/.m2/repository/com/aventstack/extentreports/4.0.0/extentreports-4.0.0.jar:/Users/thinker/.m2/repository/org/freemarker/freemarker/2.3.23/freemarker-2.3.23.jar:/Users/thinker/.m2/repository/org/mongodb/mongodb-driver/3.3.0/mongodb-driver-3.3.0.jar:/Users/thinker/.m2/repository/org/mongodb/mongodb-driver-core/3.3.0/mongodb-driver-core-3.3.0.jar:/Users/thinker/.m2/repository/org/mongodb/bson/3.3.0/bson-3.3.0.jar:/Users/thinker/.m2/repository/org/apache/httpcomponents/httpclient/4.5.2/httpclient-4.5.2.jar:/Users/thinker/.m2/repository/org/apache/httpcomponents/httpcore/4.4.4/httpcore-4.4.4.jar:/Users/thinker/.m2/repository/commons-logging/commons-logging/1.2/commons-logging-1.2.jar:/Users/thinker/.m2/repository/org/apache/httpcomponents/httpmime/4.5.2/httpmime-4.5.2.jar:/Users/thinker/.m2/repository/com/google/code/gson/gson/2.8.5/gson-2.8.5.jar:/Users/thinker/.m2/repository/commons-io/commons-io/2.6/commons-io-2.6.jar:"/>
    <property name="sun.cpu.endian" value="little"/>
    <property name="user.home" value="/Users/thinker"/>
    <property name="user.language" value="en"/>
    <property name="java.specification.vendor" value="Oracle Corporation"/>
    <property name="java.version.date" value="2020-01-14"/>
    <property name="java.home" value="/Library/Java/JavaVirtualMachines/jdk-11.0.6.jdk/Contents/Home"/>
    <property name="file.separator" value="/"/>
    <property name="basedir" value="/Users/thinker/training/ecommerce"/>
    <property name="java.vm.compressedOopsMode" value="Zero based"/>
    <property name="line.separator" value="&#10;"/>
    <property name="java.specification.name" value="Java Platform API Specification"/>
    <property name="java.vm.specification.vendor" value="Oracle Corporation"/>
    <property name="java.awt.graphicsenv" value="sun.awt.CGraphicsEnvironment"/>
    <property name="surefire.real.class.path" value="/Users/thinker/training/ecommerce/target/surefire/surefirebooter16412777731765735923.jar"/>
    <property name="sun.management.compiler" value="HotSpot 64-Bit Tiered Compilers"/>
    <property name="ftp.nonProxyHosts" value="local|*.local|169.254/16|*.169.254/16"/>
    <property name="java.runtime.version" value="11.0.6+8-LTS"/>
    <property name="user.name" value="thinker"/>
    <property name="path.separator" value=":"/>
    <property name="os.version" value="10.15.5"/>
    <property name="java.runtime.name" value="Java(TM) SE Runtime Environment"/>
    <property name="file.encoding" value="UTF-8"/>
    <property name="java.vm.name" value="Java HotSpot(TM) 64-Bit Server VM"/>
    <property name="java.vendor.version" value="18.9"/>
    <property name="localRepository" value="/Users/thinker/.m2/repository"/>
    <property name="java.vendor.url.bug" value="http://bugreport.java.com/bugreport/"/>
    <property name="java.io.tmpdir" value="/var/folders/m8/d45qn6v932q6mptx40tx9qk80000gn/T/"/>
    <property name="java.version" value="11.0.6"/>
    <property name="user.dir" value="/Users/thinker/training/ecommerce"/>
    <property name="os.arch" value="x86_64"/>
    <property name="java.vm.specification.name" value="Java Virtual Machine Specification"/>
    <property name="java.awt.printerjob" value="sun.lwawt.macosx.CPrinterJob"/>
    <property name="sun.os.patch.level" value="unknown"/>
    <property name="java.library.path" value="/Users/thinker/Library/Java/Extensions:/Library/Java/Extensions:/Network/Library/Java/Extensions:/System/Library/Java/Extensions:/usr/lib/java:."/>
    <property name="java.vendor" value="Oracle Corporation"/>
    <property name="java.vm.info" value="mixed mode"/>
    <property name="java.vm.version" value="11.0.6+8-LTS"/>
    <property name="sun.io.unicode.encoding" value="UnicodeBig"/>
    <property name="java.class.version" value="55.0"/>
    <property name="socksNonProxyHosts" value="local|*.local|169.254/16|*.169.254/16"/>
  </properties>
  <testcase name="test1[{SearchString=Printed Summer Dress}](1)" classname="testScripts.EcomTest" time="5.512">
    <failure message="Actual Value: Printed Chiffon Dress expected [true] but found [false]" type="java.lang.AssertionError"><![CDATA[java.lang.AssertionError: Actual Value: Printed Chiffon Dress expected [true] but found [false]
	at testScripts.EcomTest.test1(EcomTest.java:64)
]]></failure>
    <system-out><![CDATA[[TestNGContentHandler] [WARN] It is strongly recommended to add "<!DOCTYPE suite SYSTEM "http://testng.org/testng-1.0.dtd" >" at the top of your file, otherwise TestNG may fail or not work as expected.
]]></system-out>
    <system-err><![CDATA[log4j:WARN No appenders could be found for logger (framework.base.BaseTest).
log4j:WARN Please initialize the log4j system properly.
log4j:WARN See http://logging.apache.org/log4j/1.2/faq.html#noconfig for more info.
Starting ChromeDriver 83.0.4103.39 (ccbf011cb2d2b19b506d844400483861342c20cd-refs/branch-heads/4103@{#416}) on port 24790
Only local connections are allowed.
Please see https://chromedriver.chromium.org/security-considerations for suggestions on keeping ChromeDriver safe.
ChromeDriver was started successfully.
[1596075445.163][WARNING]: This version of ChromeDriver has not been tested with Chrome version 84.
Jul 29, 2020 10:17:25 PM org.openqa.selenium.remote.ProtocolHandshake createSession
INFO: Detected dialect: W3C
]]></system-err>
  </testcase>
  <testcase name="test1[{SearchString=Printed Chiffon Dress}](2)" classname="testScripts.EcomTest" time="2.784">
    <failure message="Actual Value: Printed Summer Dress expected [true] but found [false]" type="java.lang.AssertionError"><![CDATA[java.lang.AssertionError: Actual Value: Printed Summer Dress expected [true] but found [false]
	at testScripts.EcomTest.test1(EcomTest.java:64)
]]></failure>
    <system-out><![CDATA[F]]></system-out>
  </testcase>
  <testcase name="test2[{Phone=0123-456-789}](1)" classname="testScripts.EcomTest" time="0.021">
    <system-out><![CDATA[F]]></system-out>
  </testcase>
  <testcase name="test2[{Phone=2145-123-654}](2)" classname="testScripts.EcomTest" time="0.013">
    <failure message="expected [0123-456-789] but found [2145-123-654]" type="java.lang.AssertionError"><![CDATA[java.lang.AssertionError: expected [0123-456-789] but found [2145-123-654]
	at testScripts.EcomTest.test2(EcomTest.java:75)
]]></failure>
    <system-out><![CDATA[.]]></system-out>
  </testcase>
</testsuite>