<?xml version="1.0" encoding="UTF-8"?>
<!-- Generated by org.testng.reporters.JUnitReportReporter -->
<testsuite hostname="Mituls-MacBook-Pro.local" failures="0" tests="1" name="testScripts.EcomTest" time="0.639" errors="0" timestamp="01 Jul. 2020 12:58:48 GMT" skipped="0">
  <testcase classname="testScripts.EcomTest" name="first_test" time="0.639"/>
</testsuite> <!-- testScripts.EcomTest -->
